0 info it worked if it ends with ok
1 verbose cli [ '/usr/bin/node', '/usr/bin/npm', 'run', 'test' ]
2 info using npm@3.10.6
3 info using node@v6.5.0
4 verbose run-script [ 'pretest', 'test', 'posttest' ]
5 info lifecycle template-ionic@0.0.1~pretest: template-ionic@0.0.1
6 silly lifecycle template-ionic@0.0.1~pretest: no script for pretest, continuing
7 info lifecycle template-ionic@0.0.1~test: template-ionic@0.0.1
8 verbose lifecycle template-ionic@0.0.1~test: unsafe-perm in lifecycle true
9 verbose lifecycle template-ionic@0.0.1~test: PATH: /usr/lib/node_modules/npm/bin/node-gyp-bin:/home/agustin/Projects/template-ionic/node_modules/.bin:/home/agustin/.gvm/vertx/current/bin:/home/agustin/.gvm/springboot/current/bin:/home/agustin/.gvm/lazybones/current/bin:/home/agustin/.gvm/jbake/current/bin:/home/agustin/.gvm/groovyserv/current/bin:/home/agustin/.gvm/groovy/current/bin:/home/agustin/.gvm/griffon/current/bin:/home/agustin/.gvm/grails/current/bin:/home/agustin/.gvm/gradle/current/bin:/home/agustin/.gvm/glide/current/bin:/home/agustin/.gvm/gaiden/current/bin:/home/agustin/.gvm/crash/current/bin:/home/agustin/.gvm/asciidoctorj/current/bin:/usr/local/sbin:/usr/local/bin:/usr/bin:/opt/android-sdk/platform-tools:/opt/android-sdk/tools:/usr/lib/jvm/default/bin:/usr/bin/site_perl:/usr/bin/vendor_perl:/usr/bin/core_perl:/home/agustin/.gem/ruby/2.2.0/bin/
10 verbose lifecycle template-ionic@0.0.1~test: CWD: /home/agustin/Projects/template-ionic
11 silly lifecycle template-ionic@0.0.1~test: Args: [ '-c', 'karma start' ]
12 silly lifecycle template-ionic@0.0.1~test: Returned: code: 1  signal: null
13 info lifecycle template-ionic@0.0.1~test: Failed to exec test script
14 verbose stack Error: template-ionic@0.0.1 test: `karma start`
14 verbose stack Exit status 1
14 verbose stack     at EventEmitter.<anonymous> (/usr/lib/node_modules/npm/lib/utils/lifecycle.js:255:16)
14 verbose stack     at emitTwo (events.js:106:13)
14 verbose stack     at EventEmitter.emit (events.js:191:7)
14 verbose stack     at ChildProcess.<anonymous> (/usr/lib/node_modules/npm/lib/utils/spawn.js:40:14)
14 verbose stack     at emitTwo (events.js:106:13)
14 verbose stack     at ChildProcess.emit (events.js:191:7)
14 verbose stack     at maybeClose (internal/child_process.js:877:16)
14 verbose stack     at Process.ChildProcess._handle.onexit (internal/child_process.js:226:5)
15 verbose pkgid template-ionic@0.0.1
16 verbose cwd /home/agustin/Projects/template-ionic
17 error Linux 4.7.2-1-ARCH
18 error argv "/usr/bin/node" "/usr/bin/npm" "run" "test"
19 error node v6.5.0
20 error npm  v3.10.6
21 error code ELIFECYCLE
22 error template-ionic@0.0.1 test: `karma start`
22 error Exit status 1
23 error Failed at the template-ionic@0.0.1 test script 'karma start'.
23 error Make sure you have the latest version of node.js and npm installed.
23 error If you do, this is most likely a problem with the template-ionic package,
23 error not with npm itself.
23 error Tell the author that this fails on your system:
23 error     karma start
23 error You can get information on how to open an issue for this project with:
23 error     npm bugs template-ionic
23 error Or if that isn't available, you can get their info via:
23 error     npm owner ls template-ionic
23 error There is likely additional logging output above.
24 verbose exit [ 1, true ]
